0 info it worked if it ends with ok
1 verbose cli [ '/usr/local/bin/node',
1 verbose cli   '/usr/local/bin/npm',
1 verbose cli   'install',
1 verbose cli   '--save',
1 verbose cli   'angular-bcrypt' ]
2 info using npm@2.14.4
3 info using node@v4.1.1
4 verbose install initial load of /Users/Andrew/Src/projects/taz/package.json
5 verbose installManyTop reading scoped package data from /Users/Andrew/Src/projects/taz/node_modules/angular-ui-router/package.json
6 verbose installManyTop reading scoped package data from /Users/Andrew/Src/projects/taz/node_modules/bcryptjs/package.json
7 verbose installManyTop reading scoped package data from /Users/Andrew/Src/projects/taz/node_modules/body-parser/package.json
8 verbose installManyTop reading scoped package data from /Users/Andrew/Src/projects/taz/node_modules/ejs/package.json
9 verbose installManyTop reading scoped package data from /Users/Andrew/Src/projects/taz/node_modules/express/package.json
10 verbose installManyTop reading scoped package data from /Users/Andrew/Src/projects/taz/node_modules/express-ejs-layouts/package.json
11 verbose installManyTop reading scoped package data from /Users/Andrew/Src/projects/taz/node_modules/express-session/package.json
12 verbose installManyTop reading scoped package data from /Users/Andrew/Src/projects/taz/node_modules/method-override/package.json
13 verbose installManyTop reading scoped package data from /Users/Andrew/Src/projects/taz/node_modules/mongoose/package.json
14 verbose installManyTop reading scoped package data from /Users/Andrew/Src/projects/taz/node_modules/morgan/package.json
15 info package.json express-ejs-layouts@2.0.0 No license field.
16 info package.json angular-ui-router@0.2.15 No license field.
17 verbose readDependencies loading dependencies from /Users/Andrew/Src/projects/taz/package.json
18 silly cache add args [ 'angular-bcrypt', null ]
19 verbose cache add spec angular-bcrypt
20 silly cache add parsed spec Result {
20 silly cache add   raw: 'angular-bcrypt',
20 silly cache add   scope: null,
20 silly cache add   name: 'angular-bcrypt',
20 silly cache add   rawSpec: '',
20 silly cache add   spec: '*',
20 silly cache add   type: 'range' }
21 silly addNamed angular-bcrypt@*
22 verbose addNamed "*" is a valid semver range for angular-bcrypt
23 silly addNameRange { name: 'angular-bcrypt', range: '*', hasData: false }
24 silly mapToRegistry name angular-bcrypt
25 silly mapToRegistry using default registry
26 silly mapToRegistry registry https://registry.npmjs.org/
27 silly mapToRegistry uri https://registry.npmjs.org/angular-bcrypt
28 verbose addNameRange registry:https://registry.npmjs.org/angular-bcrypt not in flight; fetching
29 verbose request uri https://registry.npmjs.org/angular-bcrypt
30 verbose request no auth needed
31 info attempt registry request try #1 at 1:39:43 PM
32 verbose request id 384caf97d78a20d4
33 http request GET https://registry.npmjs.org/angular-bcrypt
34 http 404 https://registry.npmjs.org/angular-bcrypt
35 verbose headers { 'content-type': 'application/json',
35 verbose headers   'cache-control': 'max-age=0',
35 verbose headers   'content-length': '2',
35 verbose headers   'accept-ranges': 'bytes',
35 verbose headers   date: 'Sat, 28 Nov 2015 18:39:43 GMT',
35 verbose headers   via: '1.1 varnish',
35 verbose headers   age: '0',
35 verbose headers   connection: 'keep-alive',
35 verbose headers   'x-served-by': 'cache-jfk1032-JFK',
35 verbose headers   'x-cache': 'MISS',
35 verbose headers   'x-cache-hits': '0',
35 verbose headers   'x-timer': 'S1448735983.901960,VS0,VE91' }
36 silly get cb [ 404,
36 silly get   { 'content-type': 'application/json',
36 silly get     'cache-control': 'max-age=0',
36 silly get     'content-length': '2',
36 silly get     'accept-ranges': 'bytes',
36 silly get     date: 'Sat, 28 Nov 2015 18:39:43 GMT',
36 silly get     via: '1.1 varnish',
36 silly get     age: '0',
36 silly get     connection: 'keep-alive',
36 silly get     'x-served-by': 'cache-jfk1032-JFK',
36 silly get     'x-cache': 'MISS',
36 silly get     'x-cache-hits': '0',
36 silly get     'x-timer': 'S1448735983.901960,VS0,VE91' } ]
37 verbose stack Error: Registry returned 404 for GET on https://registry.npmjs.org/angular-bcrypt
37 verbose stack     at makeError (/usr/local/lib/node_modules/npm/node_modules/npm-registry-client/lib/request.js:263:12)
37 verbose stack     at CachingRegistryClient.<anonymous> (/usr/local/lib/node_modules/npm/node_modules/npm-registry-client/lib/request.js:241:14)
37 verbose stack     at Request._callback (/usr/local/lib/node_modules/npm/node_modules/npm-registry-client/lib/request.js:171:14)
37 verbose stack     at Request.self.callback (/usr/local/lib/node_modules/npm/node_modules/request/request.js:198:22)
37 verbose stack     at emitTwo (events.js:87:13)
37 verbose stack     at Request.emit (events.js:172:7)
37 verbose stack     at Request.<anonymous> (/usr/local/lib/node_modules/npm/node_modules/request/request.js:1073:14)
37 verbose stack     at emitOne (events.js:82:20)
37 verbose stack     at Request.emit (events.js:169:7)
37 verbose stack     at IncomingMessage.<anonymous> (/usr/local/lib/node_modules/npm/node_modules/request/request.js:1019:12)
38 verbose statusCode 404
39 verbose pkgid angular-bcrypt
40 verbose cwd /Users/Andrew/Src/projects/taz
41 error Darwin 15.0.0
42 error argv "/usr/local/bin/node" "/usr/local/bin/npm" "install" "--save" "angular-bcrypt"
43 error node v4.1.1
44 error npm  v2.14.4
45 error code E404
46 error 404 Registry returned 404 for GET on https://registry.npmjs.org/angular-bcrypt
46 error 404
46 error 404 'angular-bcrypt' is not in the npm registry.
46 error 404 You should bug the author to publish it (or use the name yourself!)
46 error 404 It was specified as a dependency of 'taz'
46 error 404
46 error 404 Note that you can also install from a
46 error 404 tarball, folder, http url, or git url.
47 verbose exit [ 1, true ]
